{"/home/meltdown/asac/data-structures-and-algorithms/401-challenges/array-shift/array-shift.js": {"path":"/home/meltdown/asac/data-structures-and-algorithms/401-challenges/array-shift/array-shift.js","statementMap":{"0":{"start":{"line":1,"column":0},"end":{"line":11,"column":2}},"1":{"start":{"line":2,"column":15},"end":{"line":2,"column":17}},"2":{"start":{"line":3,"column":2},"end":{"line":5,"column":3}},"3":{"start":{"line":3,"column":15},"end":{"line":3,"column":16}},"4":{"start":{"line":4,"column":4},"end":{"line":4,"column":24}},"5":{"start":{"line":6,"column":2},"end":{"line":6,"column":22}},"6":{"start":{"line":7,"column":2},"end":{"line":9,"column":3}},"7":{"start":{"line":7,"column":15},"end":{"line":7,"column":40}},"8":{"start":{"line":8,"column":4},"end":{"line":8,"column":24}},"9":{"start":{"line":10,"column":2},"end":{"line":10,"column":16}}},"fnMap":{"0":{"name":"insertShiftArray","decl":{"start":{"line":1,"column":26},"end":{"line":1,"column":42}},"loc":{"start":{"line":1,"column":56},"end":{"line":11,"column":1}},"line":1}},"branchMap":{},"s":{"0":1,"1":2,"2":2,"3":2,"4":5,"5":2,"6":2,"7":2,"8":4,"9":2},"f":{"0":2},"b":{},"_coverageSchema":"1a1c01bbd47fc00a2c39e90264f33305004495a9","hash":"ac94141080f5f01fd2ff45feea7292d738d25220"}
,"/home/meltdown/asac/data-structures-and-algorithms/401-challenges/arrayBinarySearch/array-binary-search.js": {"path":"/home/meltdown/asac/data-structures-and-algorithms/401-challenges/arrayBinarySearch/array-binary-search.js","statementMap":{"0":{"start":{"line":1,"column":0},"end":{"line":15,"column":2}},"1":{"start":{"line":2,"column":14},"end":{"line":2,"column":15}},"2":{"start":{"line":3,"column":12},"end":{"line":3,"column":26}},"3":{"start":{"line":4,"column":2},"end":{"line":13,"column":3}},"4":{"start":{"line":5,"column":14},"end":{"line":5,"column":43}},"5":{"start":{"line":6,"column":4},"end":{"line":12,"column":5}},"6":{"start":{"line":7,"column":6},"end":{"line":7,"column":17}},"7":{"start":{"line":8,"column":11},"end":{"line":12,"column":5}},"8":{"start":{"line":9,"column":6},"end":{"line":9,"column":22}},"9":{"start":{"line":11,"column":6},"end":{"line":11,"column":20}},"10":{"start":{"line":14,"column":2},"end":{"line":14,"column":12}}},"fnMap":{"0":{"name":"binarySearch","decl":{"start":{"line":1,"column":26},"end":{"line":1,"column":38}},"loc":{"start":{"line":1,"column":52},"end":{"line":15,"column":1}},"line":1}},"branchMap":{"0":{"loc":{"start":{"line":6,"column":4},"end":{"line":12,"column":5}},"type":"if","locations":[{"start":{"line":6,"column":4},"end":{"line":12,"column":5}},{"start":{"line":6,"column":4},"end":{"line":12,"column":5}}],"line":6},"1":{"loc":{"start":{"line":8,"column":11},"end":{"line":12,"column":5}},"type":"if","locations":[{"start":{"line":8,"column":11},"end":{"line":12,"column":5}},{"start":{"line":8,"column":11},"end":{"line":12,"column":5}}],"line":8}},"s":{"0":1,"1":7,"2":7,"3":7,"4":16,"5":16,"6":5,"7":11,"8":7,"9":4,"10":2},"f":{"0":7},"b":{"0":[5,11],"1":[7,4]},"_coverageSchema":"1a1c01bbd47fc00a2c39e90264f33305004495a9","hash":"4dce1e5821e6ec8a2ffd86cb34746630d04b51ad"}
,"/home/meltdown/asac/data-structures-and-algorithms/javascript/code-challenges/reverse-ll/reverse-ll.js": {"path":"/home/meltdown/asac/data-structures-and-algorithms/javascript/code-challenges/reverse-ll/reverse-ll.js","statementMap":{"0":{"start":{"line":4,"column":19},"end":{"line":4,"column":47}},"1":{"start":{"line":12,"column":0},"end":{"line":16,"column":1}},"2":{"start":{"line":14,"column":2},"end":{"line":14,"column":14}}},"fnMap":{"0":{"name":"reverse","decl":{"start":{"line":12,"column":26},"end":{"line":12,"column":33}},"loc":{"start":{"line":12,"column":40},"end":{"line":16,"column":1}},"line":12}},"branchMap":{},"s":{"0":1,"1":1,"2":1},"f":{"0":1},"b":{},"_coverageSchema":"1a1c01bbd47fc00a2c39e90264f33305004495a9","hash":"8cf05e10c81b40f4f21bebabf79511dc01c4bbb3"}
,"/home/meltdown/asac/data-structures-and-algorithms/javascript/linked-list/index.js": {"path":"/home/meltdown/asac/data-structures-and-algorithms/javascript/linked-list/index.js","statementMap":{"0":{"start":{"line":7,"column":0},"end":{"line":7,"column":28}}},"fnMap":{},"branchMap":{},"s":{"0":2},"f":{},"b":{},"_coverageSchema":"1a1c01bbd47fc00a2c39e90264f33305004495a9","hash":"76746cf5ed0c2ba478f812b5858dc9741c26d22f"}
}
