TN:
SF:401-challenges/BST/binary-tree.js
FN:2,(anonymous_0)
FN:6,(anonymous_1)
FN:9,(anonymous_2)
FN:17,(anonymous_3)
FN:20,(anonymous_4)
FN:29,(anonymous_5)
FN:32,(anonymous_6)
FN:40,(anonymous_7)
FN:45,(anonymous_8)
FNF:9
FNH:9
FNDA:5,(anonymous_0)
FNDA:2,(anonymous_1)
FNDA:12,(anonymous_2)
FNDA:2,(anonymous_3)
FNDA:7,(anonymous_4)
FNDA:1,(anonymous_5)
FNDA:7,(anonymous_6)
FNDA:1,(anonymous_7)
FNDA:7,(anonymous_8)
DA:3,5
DA:7,2
DA:8,2
DA:9,2
DA:10,12
DA:11,12
DA:12,12
DA:14,2
DA:15,2
DA:18,2
DA:19,2
DA:20,1
DA:21,7
DA:22,7
DA:23,7
DA:25,1
DA:26,1
DA:30,1
DA:31,1
DA:32,1
DA:33,7
DA:34,7
DA:35,7
DA:37,1
DA:38,1
DA:41,1
DA:42,0
DA:44,1
DA:45,1
DA:46,7
DA:47,5
DA:49,7
DA:50,7
DA:53,1
DA:54,1
DA:58,2
LF:36
LH:35
BRDA:8,0,0,0
BRDA:8,0,1,2
BRDA:11,1,0,5
BRDA:11,1,1,7
BRDA:12,2,0,5
BRDA:12,2,1,7
BRDA:19,3,0,1
BRDA:19,3,1,1
BRDA:21,4,0,3
BRDA:21,4,1,4
BRDA:22,5,0,3
BRDA:22,5,1,4
BRDA:31,6,0,0
BRDA:31,6,1,1
BRDA:33,7,0,3
BRDA:33,7,1,4
BRDA:35,8,0,3
BRDA:35,8,1,4
BRDA:41,9,0,0
BRDA:41,9,1,1
BRDA:46,10,0,5
BRDA:46,10,1,2
BRDA:49,11,0,3
BRDA:49,11,1,4
BRDA:50,12,0,3
BRDA:50,12,1,4
BRF:26
BRH:23
end_of_record
TN:
SF:401-challenges/BST/bst.js
FN:6,(anonymous_0)
FN:14,(anonymous_1)
FN:36,(anonymous_2)
FN:55,(anonymous_3)
FNF:4
FNH:4
FNDA:5,(anonymous_0)
FNDA:6,(anonymous_1)
FNDA:3,(anonymous_2)
FNDA:1,(anonymous_3)
DA:2,1
DA:3,1
DA:7,5
DA:8,5
DA:10,5
DA:11,1
DA:12,1
DA:14,4
DA:15,6
DA:16,4
DA:17,2
DA:18,2
DA:20,2
DA:23,4
DA:24,2
DA:25,2
DA:26,2
DA:28,0
DA:30,2
DA:33,4
DA:34,4
DA:37,3
DA:39,3
DA:40,2
DA:42,2
DA:43,5
DA:44,0
DA:46,5
DA:47,4
DA:50,1
DA:53,1
DA:56,1
DA:57,1
DA:58,0
DA:60,1
DA:61,1
DA:62,1
DA:63,1
DA:64,5
DA:65,5
DA:66,2
DA:68,5
DA:69,2
DA:71,5
DA:73,1
DA:77,1
LF:46
LH:43
BRDA:10,0,0,1
BRDA:10,0,1,4
BRDA:15,1,0,4
BRDA:15,1,1,2
BRDA:16,2,0,2
BRDA:16,2,1,2
BRDA:23,3,0,2
BRDA:23,3,1,2
BRDA:24,4,0,2
BRDA:24,4,1,0
BRDA:30,5,0,0
BRDA:30,5,1,2
BRDA:39,6,0,1
BRDA:39,6,1,2
BRDA:43,7,0,0
BRDA:43,7,1,5
BRDA:46,8,0,4
BRDA:46,8,1,1
BRDA:57,9,0,0
BRDA:57,9,1,1
BRDA:65,10,0,2
BRDA:65,10,1,3
BRDA:68,11,0,2
BRDA:68,11,1,3
BRF:24
BRH:20
end_of_record
TN:
SF:401-challenges/BST/node.js
FN:2,(anonymous_0)
FNF:1
FNH:1
FNDA:14,(anonymous_0)
DA:3,14
DA:4,14
DA:5,14
DA:8,3
LF:4
LH:4
BRF:0
BRH:0
end_of_record
TN:
SF:401-challenges/BT-max/bt.js
FN:2,(anonymous_0)
FN:6,(anonymous_1)
FN:9,(anonymous_2)
FN:17,(anonymous_3)
FN:20,(anonymous_4)
FN:29,(anonymous_5)
FN:32,(anonymous_6)
FN:40,(anonymous_7)
FN:45,(anonymous_8)
FNF:9
FNH:3
FNDA:1,(anonymous_0)
FNDA:0,(anonymous_1)
FNDA:0,(anonymous_2)
FNDA:0,(anonymous_3)
FNDA:0,(anonymous_4)
FNDA:0,(anonymous_5)
FNDA:0,(anonymous_6)
FNDA:1,(anonymous_7)
FNDA:7,(anonymous_8)
DA:3,1
DA:7,0
DA:8,0
DA:9,0
DA:10,0
DA:11,0
DA:12,0
DA:14,0
DA:15,0
DA:18,0
DA:19,0
DA:20,0
DA:21,0
DA:22,0
DA:23,0
DA:25,0
DA:26,0
DA:30,0
DA:31,0
DA:32,0
DA:33,0
DA:34,0
DA:35,0
DA:37,0
DA:38,0
DA:41,1
DA:42,0
DA:44,1
DA:45,1
DA:46,7
DA:47,5
DA:49,7
DA:50,7
DA:53,1
DA:54,1
DA:58,1
LF:36
LH:11
BRDA:8,0,0,0
BRDA:8,0,1,0
BRDA:11,1,0,0
BRDA:11,1,1,0
BRDA:12,2,0,0
BRDA:12,2,1,0
BRDA:19,3,0,0
BRDA:19,3,1,0
BRDA:21,4,0,0
BRDA:21,4,1,0
BRDA:22,5,0,0
BRDA:22,5,1,0
BRDA:31,6,0,0
BRDA:31,6,1,0
BRDA:33,7,0,0
BRDA:33,7,1,0
BRDA:35,8,0,0
BRDA:35,8,1,0
BRDA:41,9,0,0
BRDA:41,9,1,1
BRDA:46,10,0,5
BRDA:46,10,1,2
BRDA:49,11,0,3
BRDA:49,11,1,4
BRDA:50,12,0,3
BRDA:50,12,1,4
BRF:26
BRH:7
end_of_record
TN:
SF:401-challenges/BT-max/node.js
FN:2,(anonymous_0)
FNF:1
FNH:1
FNDA:7,(anonymous_0)
DA:3,7
DA:4,7
DA:5,7
DA:8,1
LF:4
LH:4
BRF:0
BRH:0
end_of_record
TN:
SF:401-challenges/array-shift/array-shift.js
FN:1,insertShiftArray
FNF:1
FNH:0
FNDA:0,insertShiftArray
DA:1,1
DA:2,0
DA:3,0
DA:4,0
DA:6,0
DA:7,0
DA:8,0
DA:10,0
LF:8
LH:1
BRF:0
BRH:0
end_of_record
TN:
SF:401-challenges/arrayBinarySearch/array-binary-search.js
FN:1,binarySearch
FNF:1
FNH:0
FNDA:0,binarySearch
DA:1,1
DA:2,0
DA:3,0
DA:4,0
DA:5,0
DA:6,0
DA:7,0
DA:8,0
DA:9,0
DA:11,0
DA:14,0
LF:11
LH:1
BRDA:6,0,0,0
BRDA:6,0,1,0
BRDA:8,1,0,0
BRDA:8,1,1,0
BRF:4
BRH:0
end_of_record
TN:
SF:401-challenges/graphs/edge.js
FN:2,(anonymous_0)
FNF:1
FNH:1
FNDA:13,(anonymous_0)
DA:3,13
DA:4,13
DA:7,1
LF:3
LH:3
BRDA:2,0,0,0
BRF:1
BRH:0
end_of_record
TN:
SF:401-challenges/graphs/graph.js
FN:6,(anonymous_0)
FN:10,(anonymous_1)
FN:17,(anonymous_2)
FN:29,(anonymous_3)
FN:33,(anonymous_4)
FN:61,(anonymous_5)
FNF:6
FNH:5
FNDA:1,(anonymous_0)
FNDA:11,(anonymous_1)
FNDA:13,(anonymous_2)
FNDA:0,(anonymous_3)
FNDA:3,(anonymous_4)
FNDA:5,(anonymous_5)
DA:2,1
DA:3,1
DA:7,1
DA:11,11
DA:12,11
DA:14,11
DA:18,13
DA:22,0
DA:25,13
DA:26,13
DA:30,0
DA:34,3
DA:36,3
DA:38,3
DA:39,3
DA:40,3
DA:41,5
DA:43,5
DA:45,5
DA:46,2
DA:48,2
DA:49,0
DA:51,2
DA:53,2
DA:58,3
DA:62,5
DA:63,0
DA:64,0
DA:67,5
DA:71,1
LF:30
LH:25
BRDA:17,0,0,13
BRDA:18,1,0,0
BRDA:18,1,1,13
BRDA:19,2,0,13
BRDA:19,2,1,13
BRDA:48,3,0,0
BRDA:48,3,1,2
BRDA:62,4,0,0
BRDA:62,4,1,5
BRF:9
BRH:6
end_of_record
TN:
SF:401-challenges/graphs/vertex.js
FN:2,(anonymous_0)
FNF:1
FNH:1
FNDA:11,(anonymous_0)
DA:3,11
DA:6,1
LF:2
LH:2
BRF:0
BRH:0
end_of_record
TN:
SF:401-challenges/hashtable/hashtable.js
FN:8,(anonymous_0)
FN:13,(anonymous_1)
FN:14,(anonymous_2)
FN:19,(anonymous_3)
FN:31,(anonymous_4)
FN:51,(anonymous_5)
FN:58,(anonymous_6)
FN:61,(anonymous_7)
FNF:8
FNH:8
FNDA:6,(anonymous_0)
FNDA:41,(anonymous_1)
FNDA:153,(anonymous_2)
FNDA:23,(anonymous_3)
FNDA:11,(anonymous_4)
FNDA:6,(anonymous_5)
FNDA:20,(anonymous_6)
FNDA:6,(anonymous_7)
DA:3,1
DA:9,6
DA:10,6
DA:14,41
DA:15,153
DA:20,23
DA:22,23
DA:23,8
DA:24,8
DA:25,8
DA:27,15
DA:32,11
DA:33,11
DA:34,9
DA:35,9
DA:36,0
DA:38,9
DA:39,9
DA:41,5
DA:42,9
DA:43,9
DA:46,0
DA:48,0
DA:52,6
DA:54,5
DA:55,5
DA:56,5
DA:58,20
DA:60,5
DA:61,6
DA:64,3
DA:66,1
DA:67,1
DA:68,1
DA:71,0
DA:77,1
LF:36
LH:32
BRDA:22,0,0,8
BRDA:22,0,1,15
BRDA:33,1,0,2
BRDA:33,1,1,9
BRDA:35,2,0,0
BRDA:35,2,1,9
BRDA:39,3,0,4
BRDA:39,3,1,5
BRDA:43,4,0,5
BRDA:43,4,1,4
BRDA:46,5,0,0
BRDA:46,5,1,0
BRDA:46,6,0,0
BRDA:46,6,1,0
BRDA:52,7,0,1
BRDA:52,7,1,5
BRDA:60,8,0,2
BRDA:60,8,1,3
BRDA:64,9,0,2
BRDA:64,9,1,1
BRDA:68,10,0,1
BRDA:68,10,1,0
BRDA:71,11,0,0
BRDA:71,11,1,0
BRF:24
BRH:16
end_of_record
TN:
SF:401-challenges/hashtable/linkedlist.js
FN:3,(anonymous_0)
FN:7,(anonymous_1)
FN:17,(anonymous_2)
FNF:3
FNH:3
FNDA:8,(anonymous_0)
FNDA:23,(anonymous_1)
FNDA:5,(anonymous_2)
DA:1,1
DA:4,8
DA:8,23
DA:10,23
DA:11,8
DA:13,15
DA:14,15
DA:18,5
DA:19,5
DA:20,5
DA:21,5
DA:22,20
DA:23,20
DA:25,5
DA:29,1
LF:15
LH:15
BRDA:10,0,0,8
BRDA:10,0,1,15
BRDA:18,1,0,0
BRDA:18,1,1,5
BRF:4
BRH:3
end_of_record
TN:
SF:401-challenges/hashtable/node.js
FN:2,(anonymous_0)
FNF:1
FNH:1
FNDA:23,(anonymous_0)
DA:3,23
DA:4,23
DA:7,1
LF:3
LH:3
BRF:0
BRH:0
end_of_record
TN:
SF:401-challenges/linked-list/ll.js
FN:3,(anonymous_0)
FN:6,(anonymous_1)
FN:9,(anonymous_2)
FN:22,(anonymous_3)
FN:35,(anonymous_4)
FNF:5
FNH:5
FNDA:7,(anonymous_0)
FNDA:5,(anonymous_1)
FNDA:9,(anonymous_2)
FNDA:3,(anonymous_3)
FNDA:3,(anonymous_4)
DA:1,1
DA:4,7
DA:7,5
DA:11,9
DA:12,9
DA:13,3
DA:15,6
DA:16,6
DA:17,4
DA:19,6
DA:23,3
DA:24,1
DA:26,2
DA:27,2
DA:28,4
DA:29,1
DA:31,3
DA:33,1
DA:36,3
DA:37,1
DA:39,2
DA:40,2
DA:41,2
DA:42,1
DA:43,1
DA:45,2
DA:46,2
DA:49,1
LF:28
LH:28
BRDA:12,0,0,3
BRDA:12,0,1,6
BRDA:23,1,0,1
BRDA:23,1,1,2
BRDA:28,2,0,1
BRDA:28,2,1,3
BRDA:36,3,0,1
BRDA:36,3,1,2
BRF:8
BRH:8
end_of_record
TN:
SF:401-challenges/linked-list/node.js
FN:2,(anonymous_0)
FNF:1
FNH:1
FNDA:14,(anonymous_0)
DA:3,14
DA:4,14
DA:7,1
LF:3
LH:3
BRDA:2,0,0,9
BRF:1
BRH:1
end_of_record
TN:
SF:401-challenges/linked-list-insertions/ll-insertions.js
FN:3,(anonymous_0)
FN:6,(anonymous_1)
FN:9,(anonymous_2)
FN:22,(anonymous_3)
FN:38,(anonymous_4)
FN:51,(anonymous_5)
FN:65,(anonymous_6)
FNF:7
FNH:0
FNDA:0,(anonymous_0)
FNDA:0,(anonymous_1)
FNDA:0,(anonymous_2)
FNDA:0,(anonymous_3)
FNDA:0,(anonymous_4)
FNDA:0,(anonymous_5)
FNDA:0,(anonymous_6)
DA:1,1
DA:4,0
DA:7,0
DA:11,0
DA:12,0
DA:13,0
DA:15,0
DA:16,0
DA:17,0
DA:19,0
DA:23,0
DA:24,0
DA:26,0
DA:27,0
DA:28,0
DA:29,0
DA:31,0
DA:33,0
DA:34,0
DA:36,0
DA:39,0
DA:40,0
DA:42,0
DA:43,0
DA:44,0
DA:45,0
DA:46,0
DA:48,0
DA:49,0
DA:52,0
DA:53,0
DA:55,0
DA:56,0
DA:59,0
DA:60,0
DA:62,0
DA:66,0
DA:67,0
DA:69,0
DA:70,0
DA:73,0
DA:74,0
DA:76,0
DA:81,1
LF:44
LH:2
BRDA:12,0,0,0
BRDA:12,0,1,0
BRDA:23,1,0,0
BRDA:23,1,1,0
BRDA:28,2,0,0
BRDA:28,2,1,0
BRDA:33,3,0,0
BRDA:33,3,1,0
BRDA:39,4,0,0
BRDA:39,4,1,0
BRF:10
BRH:0
end_of_record
TN:
SF:401-challenges/linked-list-insertions/node.js
FN:2,(anonymous_0)
FNF:1
FNH:0
FNDA:0,(anonymous_0)
DA:3,0
DA:4,0
DA:7,1
LF:3
LH:1
BRDA:2,0,0,0
BRF:1
BRH:0
end_of_record
TN:
SF:401-challenges/linked-list-kth-from-end/ll-kth-from-end.js
FN:3,(anonymous_0)
FN:7,(anonymous_1)
FN:13,(anonymous_2)
FN:28,(anonymous_3)
FN:41,(anonymous_4)
FN:56,(anonymous_5)
FN:73,(anonymous_6)
FN:85,(anonymous_7)
FNF:8
FNH:0
FNDA:0,(anonymous_0)
FNDA:0,(anonymous_1)
FNDA:0,(anonymous_2)
FNDA:0,(anonymous_3)
FNDA:0,(anonymous_4)
FNDA:0,(anonymous_5)
FNDA:0,(anonymous_6)
FNDA:0,(anonymous_7)
DA:1,1
DA:4,0
DA:5,0
DA:8,0
DA:9,0
DA:10,0
DA:15,0
DA:16,0
DA:17,0
DA:18,0
DA:20,0
DA:21,0
DA:22,0
DA:24,0
DA:25,0
DA:29,0
DA:30,0
DA:32,0
DA:33,0
DA:34,0
DA:35,0
DA:36,0
DA:38,0
DA:39,0
DA:42,0
DA:43,0
DA:44,0
DA:45,0
DA:46,0
DA:47,0
DA:48,0
DA:50,0
DA:51,0
DA:53,0
DA:57,0
DA:58,0
DA:59,0
DA:60,0
DA:62,0
DA:63,0
DA:64,0
DA:65,0
DA:68,0
DA:74,0
DA:75,0
DA:76,0
DA:77,0
DA:78,0
DA:79,0
DA:80,0
DA:81,0
DA:83,0
DA:86,0
DA:87,0
DA:88,0
DA:89,0
DA:90,0
DA:91,0
DA:92,0
DA:95,0
DA:96,0
DA:99,0
DA:100,0
DA:101,0
DA:102,0
DA:103,0
DA:106,0
DA:107,0
DA:110,0
DA:113,1
LF:70
LH:2
BRDA:8,0,0,0
BRDA:8,0,1,0
BRDA:16,1,0,0
BRDA:16,1,1,0
BRDA:29,2,0,0
BRDA:29,2,1,0
BRDA:43,3,0,0
BRDA:43,3,1,0
BRDA:45,4,0,0
BRDA:45,4,1,0
BRDA:47,5,0,0
BRDA:47,5,1,0
BRDA:64,6,0,0
BRDA:64,6,1,0
BRDA:90,7,0,0
BRDA:90,7,1,0
BRDA:101,8,0,0
BRDA:101,8,1,0
BRDA:110,9,0,0
BRDA:110,9,1,0
BRDA:110,9,2,0
BRF:21
BRH:0
end_of_record
TN:
SF:401-challenges/linked-list-kth-from-end/node.js
FN:2,(anonymous_0)
FNF:1
FNH:0
FNDA:0,(anonymous_0)
DA:3,0
DA:4,0
DA:7,1
LF:3
LH:1
BRDA:2,0,0,0
BRF:1
BRH:0
end_of_record
TN:
SF:401-challenges/linked-list-zip/linked-list-zip.js
FN:2,(anonymous_0)
FNF:1
FNH:0
FNDA:0,(anonymous_0)
DA:1,1
DA:2,1
DA:3,0
DA:4,0
DA:5,0
DA:6,0
DA:7,0
DA:8,0
DA:9,0
DA:10,0
DA:11,0
DA:13,0
DA:14,0
DA:15,0
DA:18,0
DA:20,1
LF:16
LH:3
BRDA:8,0,0,0
BRDA:8,0,1,0
BRDA:9,1,0,0
BRDA:9,1,1,0
BRDA:13,2,0,0
BRDA:13,2,1,0
BRF:6
BRH:0
end_of_record
TN:
SF:401-challenges/linked-list-zip/linked-list.js
FN:3,(anonymous_0)
FN:6,(anonymous_1)
FN:9,(anonymous_2)
FN:22,(anonymous_3)
FN:38,(anonymous_4)
FN:51,(anonymous_5)
FN:65,(anonymous_6)
FNF:7
FNH:0
FNDA:0,(anonymous_0)
FNDA:0,(anonymous_1)
FNDA:0,(anonymous_2)
FNDA:0,(anonymous_3)
FNDA:0,(anonymous_4)
FNDA:0,(anonymous_5)
FNDA:0,(anonymous_6)
DA:1,1
DA:4,0
DA:7,0
DA:11,0
DA:12,0
DA:13,0
DA:15,0
DA:16,0
DA:17,0
DA:19,0
DA:23,0
DA:24,0
DA:26,0
DA:27,0
DA:28,0
DA:29,0
DA:31,0
DA:33,0
DA:34,0
DA:36,0
DA:39,0
DA:40,0
DA:42,0
DA:43,0
DA:44,0
DA:45,0
DA:46,0
DA:48,0
DA:49,0
DA:52,0
DA:53,0
DA:55,0
DA:56,0
DA:59,0
DA:60,0
DA:62,0
DA:66,0
DA:67,0
DA:69,0
DA:70,0
DA:73,0
DA:74,0
DA:76,0
DA:80,1
LF:44
LH:2
BRDA:12,0,0,0
BRDA:12,0,1,0
BRDA:23,1,0,0
BRDA:23,1,1,0
BRDA:28,2,0,0
BRDA:28,2,1,0
BRDA:33,3,0,0
BRDA:33,3,1,0
BRDA:39,4,0,0
BRDA:39,4,1,0
BRF:10
BRH:0
end_of_record
TN:
SF:401-challenges/linked-list-zip/node.js
FN:2,(anonymous_0)
FNF:1
FNH:0
FNDA:0,(anonymous_0)
DA:3,0
DA:4,0
DA:7,1
LF:3
LH:1
BRDA:2,0,0,0
BRF:1
BRH:0
end_of_record
TN:
SF:401-challenges/stack-and-queue/node.js
FN:2,(anonymous_0)
FNF:1
FNH:0
FNDA:0,(anonymous_0)
DA:3,0
DA:4,0
DA:7,2
LF:3
LH:1
BRF:0
BRH:0
end_of_record
TN:
SF:401-challenges/stack-and-queue/queue.js
FN:4,(anonymous_0)
FN:8,(anonymous_1)
FN:18,(anonymous_2)
FN:29,(anonymous_3)
FN:32,(anonymous_4)
FNF:5
FNH:0
FNDA:0,(anonymous_0)
FNDA:0,(anonymous_1)
FNDA:0,(anonymous_2)
FNDA:0,(anonymous_3)
FNDA:0,(anonymous_4)
DA:1,1
DA:5,0
DA:6,0
DA:9,0
DA:10,0
DA:11,0
DA:12,0
DA:14,0
DA:15,0
DA:19,0
DA:20,0
DA:21,0
DA:23,0
DA:24,0
DA:25,0
DA:27,0
DA:30,0
DA:33,0
DA:34,0
DA:36,0
DA:40,1
LF:21
LH:2
BRDA:10,0,0,0
BRDA:10,0,1,0
BRDA:20,1,0,0
BRDA:20,1,1,0
BRDA:24,2,0,0
BRDA:24,2,1,0
BRDA:30,3,0,0
BRDA:30,3,1,0
BRDA:33,4,0,0
BRDA:33,4,1,0
BRF:10
BRH:0
end_of_record
TN:
SF:401-challenges/stack-and-queue/stack.js
FN:3,(anonymous_0)
FN:6,(anonymous_1)
FN:11,(anonymous_2)
FN:20,(anonymous_3)
FN:26,(anonymous_4)
FNF:5
FNH:0
FNDA:0,(anonymous_0)
FNDA:0,(anonymous_1)
FNDA:0,(anonymous_2)
FNDA:0,(anonymous_3)
FNDA:0,(anonymous_4)
DA:1,1
DA:4,0
DA:7,0
DA:8,0
DA:9,0
DA:12,0
DA:13,0
DA:15,0
DA:16,0
DA:17,0
DA:18,0
DA:21,0
DA:22,0
DA:24,0
DA:27,0
DA:30,1
LF:16
LH:2
BRDA:12,0,0,0
BRDA:12,0,1,0
BRDA:21,1,0,0
BRDA:21,1,1,0
BRDA:27,2,0,0
BRDA:27,2,1,0
BRF:6
BRH:0
end_of_record
TN:
SF:401-challenges/stack-queue-animal-shelter/animal.js
FN:2,(anonymous_0)
FNF:1
FNH:0
FNDA:0,(anonymous_0)
DA:3,0
DA:6,1
LF:2
LH:1
BRF:0
BRH:0
end_of_record
TN:
SF:401-challenges/stack-queue-animal-shelter/node.js
FN:2,(anonymous_0)
FNF:1
FNH:0
FNDA:0,(anonymous_0)
DA:3,0
DA:4,0
DA:7,1
LF:3
LH:1
BRDA:2,0,0,0
BRF:1
BRH:0
end_of_record
TN:
SF:401-challenges/stack-queue-animal-shelter/queue.js
FN:4,(anonymous_0)
FN:8,(anonymous_1)
FN:18,(anonymous_2)
FN:29,(anonymous_3)
FN:32,(anonymous_4)
FNF:5
FNH:0
FNDA:0,(anonymous_0)
FNDA:0,(anonymous_1)
FNDA:0,(anonymous_2)
FNDA:0,(anonymous_3)
FNDA:0,(anonymous_4)
DA:1,1
DA:5,0
DA:6,0
DA:9,0
DA:10,0
DA:11,0
DA:12,0
DA:14,0
DA:15,0
DA:19,0
DA:20,0
DA:21,0
DA:23,0
DA:24,0
DA:25,0
DA:27,0
DA:30,0
DA:33,0
DA:34,0
DA:36,0
DA:40,1
LF:21
LH:2
BRDA:10,0,0,0
BRDA:10,0,1,0
BRDA:20,1,0,0
BRDA:20,1,1,0
BRDA:24,2,0,0
BRDA:24,2,1,0
BRDA:30,3,0,0
BRDA:30,3,1,0
BRDA:33,4,0,0
BRDA:33,4,1,0
BRF:10
BRH:0
end_of_record
TN:
SF:401-challenges/stack-queue-animal-shelter/stack-queue-animal-shelter.js
FN:3,(anonymous_0)
FN:7,(anonymous_1)
FN:18,(anonymous_2)
FNF:3
FNH:0
FNDA:0,(anonymous_0)
FNDA:0,(anonymous_1)
FNDA:0,(anonymous_2)
DA:1,1
DA:4,0
DA:5,0
DA:8,0
DA:9,0
DA:11,0
DA:12,0
DA:15,0
DA:19,0
DA:20,0
DA:22,0
DA:23,0
DA:26,0
DA:31,1
LF:14
LH:2
BRDA:8,0,0,0
BRDA:8,0,1,0
BRDA:11,1,0,0
BRDA:11,1,1,0
BRDA:19,2,0,0
BRDA:19,2,1,0
BRDA:22,3,0,0
BRDA:22,3,1,0
BRF:8
BRH:0
end_of_record
TN:
SF:401-challenges/stack-queue-brackets/node.js
FN:2,(anonymous_0)
FNF:1
FNH:0
FNDA:0,(anonymous_0)
DA:3,0
DA:4,0
DA:7,1
LF:3
LH:1
BRDA:2,0,0,0
BRF:1
BRH:0
end_of_record
TN:
SF:401-challenges/stack-queue-brackets/stack.js
FN:3,(anonymous_0)
FN:7,(anonymous_1)
FN:12,(anonymous_2)
FN:22,(anonymous_3)
FN:25,(anonymous_4)
FNF:5
FNH:0
FNDA:0,(anonymous_0)
FNDA:0,(anonymous_1)
FNDA:0,(anonymous_2)
FNDA:0,(anonymous_3)
FNDA:0,(anonymous_4)
DA:1,1
DA:4,0
DA:8,0
DA:9,0
DA:10,0
DA:13,0
DA:14,0
DA:16,0
DA:17,0
DA:18,0
DA:19,0
DA:23,0
DA:26,0
DA:30,1
LF:14
LH:2
BRDA:13,0,0,0
BRDA:13,0,1,0
BRDA:23,1,0,0
BRDA:23,1,1,0
BRF:4
BRH:0
end_of_record
TN:
SF:401-challenges/stack-queue-brackets/validate.js
FN:3,validateBrackets
FNF:1
FNH:0
FNDA:0,validateBrackets
DA:1,1
DA:4,0
DA:5,0
DA:6,0
DA:7,0
DA:8,0
DA:11,0
DA:12,0
DA:14,0
DA:15,0
DA:17,0
DA:18,0
DA:20,0
DA:23,0
DA:25,1
LF:15
LH:2
BRDA:7,0,0,0
BRDA:7,0,1,0
BRDA:7,1,0,0
BRDA:7,1,1,0
BRDA:7,1,2,0
BRDA:11,2,0,0
BRDA:11,2,1,0
BRDA:14,3,0,0
BRDA:14,3,1,0
BRDA:17,4,0,0
BRDA:17,4,1,0
BRDA:17,5,0,0
BRDA:17,5,1,0
BRDA:17,5,2,0
BRDA:17,5,3,0
BRDA:17,5,4,0
BRDA:17,5,5,0
BRF:17
BRH:0
end_of_record
TN:
SF:401-challenges/stack-queue-pseudo/node.js
FN:2,(anonymous_0)
FNF:1
FNH:0
FNDA:0,(anonymous_0)
DA:3,0
DA:4,0
DA:7,1
LF:3
LH:1
BRDA:2,0,0,0
BRF:1
BRH:0
end_of_record
TN:
SF:401-challenges/stack-queue-pseudo/queue.js
FN:3,(anonymous_0)
FN:7,(anonymous_1)
FN:10,(anonymous_2)
FN:13,(anonymous_3)
FNF:4
FNH:0
FNDA:0,(anonymous_0)
FNDA:0,(anonymous_1)
FNDA:0,(anonymous_2)
FNDA:0,(anonymous_3)
DA:1,1
DA:4,0
DA:5,0
DA:8,0
DA:11,0
DA:14,0
DA:15,0
DA:17,0
DA:18,0
DA:20,0
DA:24,1
LF:11
LH:2
BRDA:8,0,0,0
BRDA:8,0,1,0
BRDA:14,1,0,0
BRDA:14,1,1,0
BRF:4
BRH:0
end_of_record
TN:
SF:401-challenges/stack-queue-pseudo/stack.js
FN:3,(anonymous_0)
FN:6,(anonymous_1)
FN:11,(anonymous_2)
FN:17,(anonymous_3)
FNF:4
FNH:0
FNDA:0,(anonymous_0)
FNDA:0,(anonymous_1)
FNDA:0,(anonymous_2)
FNDA:0,(anonymous_3)
DA:1,1
DA:4,0
DA:7,0
DA:8,0
DA:9,0
DA:12,0
DA:13,0
DA:14,0
DA:15,0
DA:18,0
DA:21,1
LF:11
LH:2
BRDA:18,0,0,0
BRDA:18,0,1,0
BRF:2
BRH:0
end_of_record
TN:
SF:javascript/code-challenges/reverse-ll/reverse-ll.js
FN:12,reverse
FNF:1
FNH:1
FNDA:1,reverse
DA:4,1
DA:12,1
DA:14,1
LF:3
LH:3
BRF:0
BRH:0
end_of_record
TN:
SF:javascript/linked-list/index.js
FNF:0
FNH:0
DA:7,2
LF:1
LH:1
BRF:0
BRH:0
end_of_record
